     1 00000000                                 [FORMAT "WCOFF"]
     2 00000000                                 [INSTRSET "i486p"]
     3 00000000                                 [OPTIMIZE 1]
     4 00000000                                 [OPTION 1]
     5 00000000                                 [BITS 32]
     6 00000000                                 	EXTERN	_io_hlt
     7 00000000                                 	EXTERN	_io_load_eflags
     8 00000000                                 	EXTERN	_io_cli
     9 00000000                                 	EXTERN	_io_out8
    10 00000000                                 	EXTERN	_io_store_eflags
    11 00000000                                 [FILE "bootpack.c"]
    12                                          [SECTION .text]
    13 00000000                                 	GLOBAL	_HariMain
    14 00000000                                 _HariMain:
    15 00000000 55                              	PUSH	EBP
    16 00000001 89 E5                           	MOV	EBP,ESP
    17 00000003 E8 000001F4                     	CALL	_init_palette
    18 00000008 E8 000001EF                     	CALL	_init_palette
    19 0000000D 68 000000AB                     	PUSH	171
    20 00000012 68 0000013F                     	PUSH	319
    21 00000017 6A 00                           	PUSH	0
    22 00000019 6A 00                           	PUSH	0
    23 0000001B 6A 0E                           	PUSH	14
    24 0000001D 68 00000140                     	PUSH	320
    25 00000022 68 000A0000                     	PUSH	655360
    26 00000027 E8 0000026B                     	CALL	_boxfill8
    27 0000002C 68 000000AC                     	PUSH	172
    28 00000031 68 0000013F                     	PUSH	319
    29 00000036 68 000000AC                     	PUSH	172
    30 0000003B 6A 00                           	PUSH	0
    31 0000003D 6A 08                           	PUSH	8
    32 0000003F 68 00000140                     	PUSH	320
    33 00000044 68 000A0000                     	PUSH	655360
    34 00000049 E8 00000249                     	CALL	_boxfill8
    35 0000004E 83 C4 38                        	ADD	ESP,56
    36 00000051 68 000000AD                     	PUSH	173
    37 00000056 68 0000013F                     	PUSH	319
    38 0000005B 68 000000AD                     	PUSH	173
    39 00000060 6A 00                           	PUSH	0
    40 00000062 6A 07                           	PUSH	7
    41 00000064 68 00000140                     	PUSH	320
    42 00000069 68 000A0000                     	PUSH	655360
    43 0000006E E8 00000224                     	CALL	_boxfill8
    44 00000073 68 000000C7                     	PUSH	199
    45 00000078 68 0000013F                     	PUSH	319
    46 0000007D 68 000000AE                     	PUSH	174
    47 00000082 6A 00                           	PUSH	0
    48 00000084 6A 08                           	PUSH	8
    49 00000086 68 00000140                     	PUSH	320
    50 0000008B 68 000A0000                     	PUSH	655360
    51 00000090 E8 00000202                     	CALL	_boxfill8
    52 00000095 83 C4 38                        	ADD	ESP,56
    53 00000098 68 000000B0                     	PUSH	176
    54 0000009D 6A 3B                           	PUSH	59
    55 0000009F 68 000000B0                     	PUSH	176
    56 000000A4 6A 03                           	PUSH	3
    57 000000A6 6A 07                           	PUSH	7
    58 000000A8 68 00000140                     	PUSH	320
    59 000000AD 68 000A0000                     	PUSH	655360
    60 000000B2 E8 000001E0                     	CALL	_boxfill8
    61 000000B7 68 000000C4                     	PUSH	196
    62 000000BC 6A 02                           	PUSH	2
    63 000000BE 68 000000B0                     	PUSH	176
    64 000000C3 6A 02                           	PUSH	2
    65 000000C5 6A 07                           	PUSH	7
    66 000000C7 68 00000140                     	PUSH	320
    67 000000CC 68 000A0000                     	PUSH	655360
    68 000000D1 E8 000001C1                     	CALL	_boxfill8
    69 000000D6 83 C4 38                        	ADD	ESP,56
    70 000000D9 68 000000C4                     	PUSH	196
    71 000000DE 6A 3B                           	PUSH	59
    72 000000E0 68 000000C4                     	PUSH	196
    73 000000E5 6A 03                           	PUSH	3
    74 000000E7 6A 0F                           	PUSH	15
    75 000000E9 68 00000140                     	PUSH	320
    76 000000EE 68 000A0000                     	PUSH	655360
    77 000000F3 E8 0000019F                     	CALL	_boxfill8
    78 000000F8 68 000000C3                     	PUSH	195
    79 000000FD 6A 3B                           	PUSH	59
    80 000000FF 68 000000B1                     	PUSH	177
    81 00000104 6A 3B                           	PUSH	59
    82 00000106 6A 0F                           	PUSH	15
    83 00000108 68 00000140                     	PUSH	320
    84 0000010D 68 000A0000                     	PUSH	655360
    85 00000112 E8 00000180                     	CALL	_boxfill8
    86 00000117 83 C4 38                        	ADD	ESP,56
    87 0000011A 68 000000C5                     	PUSH	197
    88 0000011F 6A 3B                           	PUSH	59
    89 00000121 68 000000C5                     	PUSH	197
    90 00000126 6A 02                           	PUSH	2
    91 00000128 6A 00                           	PUSH	0
    92 0000012A 68 00000140                     	PUSH	320
    93 0000012F 68 000A0000                     	PUSH	655360
    94 00000134 E8 0000015E                     	CALL	_boxfill8
    95 00000139 68 000000C5                     	PUSH	197
    96 0000013E 6A 3C                           	PUSH	60
    97 00000140 68 000000B0                     	PUSH	176
    98 00000145 6A 3C                           	PUSH	60
    99 00000147 6A 00                           	PUSH	0
   100 00000149 68 00000140                     	PUSH	320
   101 0000014E 68 000A0000                     	PUSH	655360
   102 00000153 E8 0000013F                     	CALL	_boxfill8
   103 00000158 83 C4 38                        	ADD	ESP,56
   104 0000015B 68 000000B0                     	PUSH	176
   105 00000160 68 0000013C                     	PUSH	316
   106 00000165 68 000000B0                     	PUSH	176
   107 0000016A 68 00000111                     	PUSH	273
   108 0000016F 6A 0F                           	PUSH	15
   109 00000171 68 00000140                     	PUSH	320
   110 00000176 68 000A0000                     	PUSH	655360
   111 0000017B E8 00000117                     	CALL	_boxfill8
   112 00000180 68 000000C4                     	PUSH	196
   113 00000185 68 00000111                     	PUSH	273
   114 0000018A 68 000000B1                     	PUSH	177
   115 0000018F 68 00000111                     	PUSH	273
   116 00000194 6A 0F                           	PUSH	15
   117 00000196 68 00000140                     	PUSH	320
   118 0000019B 68 000A0000                     	PUSH	655360
   119 000001A0 E8 000000F2                     	CALL	_boxfill8
   120 000001A5 83 C4 38                        	ADD	ESP,56
   121 000001A8 68 000000C5                     	PUSH	197
   122 000001AD 68 0000013C                     	PUSH	316
   123 000001B2 68 000000C5                     	PUSH	197
   124 000001B7 68 00000111                     	PUSH	273
   125 000001BC 6A 07                           	PUSH	7
   126 000001BE 68 00000140                     	PUSH	320
   127 000001C3 68 000A0000                     	PUSH	655360
   128 000001C8 E8 000000CA                     	CALL	_boxfill8
   129 000001CD 68 000000C5                     	PUSH	197
   130 000001D2 68 0000013D                     	PUSH	317
   131 000001D7 68 000000B0                     	PUSH	176
   132 000001DC 68 0000013D                     	PUSH	317
   133 000001E1 6A 07                           	PUSH	7
   134 000001E3 68 00000140                     	PUSH	320
   135 000001E8 68 000A0000                     	PUSH	655360
   136 000001ED E8 000000A5                     	CALL	_boxfill8
   137 000001F2 83 C4 38                        	ADD	ESP,56
   138 000001F5                                 L2:
   139 000001F5 E8 [00000000]                   	CALL	_io_hlt
   140 000001FA EB F9                           	JMP	L2
   141                                          [SECTION .data]
   142 00000000                                 _table_rgb.0:
   143 00000000 00                              	DB	0
   144 00000001 00                              	DB	0
   145 00000002 00                              	DB	0
   146 00000003 FF                              	DB	-1
   147 00000004 00                              	DB	0
   148 00000005 00                              	DB	0
   149 00000006 00                              	DB	0
   150 00000007 FF                              	DB	-1
   151 00000008 00                              	DB	0
   152 00000009 FF                              	DB	-1
   153 0000000A FF                              	DB	-1
   154 0000000B 00                              	DB	0
   155 0000000C 00                              	DB	0
   156 0000000D 00                              	DB	0
   157 0000000E FF                              	DB	-1
   158 0000000F FF                              	DB	-1
   159 00000010 00                              	DB	0
   160 00000011 FF                              	DB	-1
   161 00000012 00                              	DB	0
   162 00000013 FF                              	DB	-1
   163 00000014 FF                              	DB	-1
   164 00000015 FF                              	DB	-1
   165 00000016 FF                              	DB	-1
   166 00000017 FF                              	DB	-1
   167 00000018 C6                              	DB	-58
   168 00000019 C6                              	DB	-58
   169 0000001A C6                              	DB	-58
   170 0000001B 84                              	DB	-124
   171 0000001C 00                              	DB	0
   172 0000001D 00                              	DB	0
   173 0000001E 00                              	DB	0
   174 0000001F 84                              	DB	-124
   175 00000020 00                              	DB	0
   176 00000021 84                              	DB	-124
   177 00000022 84                              	DB	-124
   178 00000023 00                              	DB	0
   179 00000024 00                              	DB	0
   180 00000025 00                              	DB	0
   181 00000026 84                              	DB	-124
   182 00000027 84                              	DB	-124
   183 00000028 00                              	DB	0
   184 00000029 84                              	DB	-124
   185 0000002A 00                              	DB	0
   186 0000002B 84                              	DB	-124
   187 0000002C 84                              	DB	-124
   188 0000002D 84                              	DB	-124
   189 0000002E 84                              	DB	-124
   190 0000002F 84                              	DB	-124
   191                                          [SECTION .text]
   192 000001FC                                 	GLOBAL	_init_palette
   193 000001FC                                 _init_palette:
   194 000001FC 55                              	PUSH	EBP
   195 000001FD 89 E5                           	MOV	EBP,ESP
   196 000001FF 68 [00000000]                   	PUSH	_table_rgb.0
   197 00000204 6A 0F                           	PUSH	15
   198 00000206 6A 00                           	PUSH	0
   199 00000208 E8 00000002                     	CALL	_set_palette
   200 0000020D C9                              	LEAVE
   201 0000020E C3                              	RET
   202 0000020F                                 	GLOBAL	_set_palette
   203 0000020F                                 _set_palette:
   204 0000020F 55                              	PUSH	EBP
   205 00000210 89 E5                           	MOV	EBP,ESP
   206 00000212 57                              	PUSH	EDI
   207 00000213 56                              	PUSH	ESI
   208 00000214 53                              	PUSH	EBX
   209 00000215 51                              	PUSH	ECX
   210 00000216 8B 5D 08                        	MOV	EBX,DWORD [8+EBP]
   211 00000219 8B 7D 0C                        	MOV	EDI,DWORD [12+EBP]
   212 0000021C 8B 75 10                        	MOV	ESI,DWORD [16+EBP]
   213 0000021F E8 [00000000]                   	CALL	_io_load_eflags
   214 00000224 89 45 F0                        	MOV	DWORD [-16+EBP],EAX
   215 00000227 E8 [00000000]                   	CALL	_io_cli
   216 0000022C 53                              	PUSH	EBX
   217 0000022D 68 000003C8                     	PUSH	968
   218 00000232 E8 [00000000]                   	CALL	_io_out8
   219 00000237 39 FB                           	CMP	EBX,EDI
   220 00000239 58                              	POP	EAX
   221 0000023A 5A                              	POP	EDX
   222 0000023B 7E 12                           	JLE	L11
   223 0000023D                                 L13:
   224 0000023D 8B 45 F0                        	MOV	EAX,DWORD [-16+EBP]
   225 00000240 89 45 08                        	MOV	DWORD [8+EBP],EAX
   226 00000243 8D 65 F4                        	LEA	ESP,DWORD [-12+EBP]
   227 00000246 5B                              	POP	EBX
   228 00000247 5E                              	POP	ESI
   229 00000248 5F                              	POP	EDI
   230 00000249 5D                              	POP	EBP
   231 0000024A E9 [00000000]                   	JMP	_io_store_eflags
   232 0000024F                                 L11:
   233 0000024F 8A 06                           	MOV	AL,BYTE [ESI]
   234 00000251 43                              	INC	EBX
   235 00000252 C0 E8 02                        	SHR	AL,2
   236 00000255 0F B6 C0                        	MOVZX	EAX,AL
   237 00000258 50                              	PUSH	EAX
   238 00000259 68 000003C9                     	PUSH	969
   239 0000025E E8 [00000000]                   	CALL	_io_out8
   240 00000263 8A 46 01                        	MOV	AL,BYTE [1+ESI]
   241 00000266 C0 E8 02                        	SHR	AL,2
   242 00000269 0F B6 C0                        	MOVZX	EAX,AL
   243 0000026C 50                              	PUSH	EAX
   244 0000026D 68 000003C9                     	PUSH	969
   245 00000272 E8 [00000000]                   	CALL	_io_out8
   246 00000277 8A 46 02                        	MOV	AL,BYTE [2+ESI]
   247 0000027A C0 E8 02                        	SHR	AL,2
   248 0000027D 83 C6 03                        	ADD	ESI,3
   249 00000280 0F B6 C0                        	MOVZX	EAX,AL
   250 00000283 50                              	PUSH	EAX
   251 00000284 68 000003C9                     	PUSH	969
   252 00000289 E8 [00000000]                   	CALL	_io_out8
   253 0000028E 83 C4 18                        	ADD	ESP,24
   254 00000291 39 FB                           	CMP	EBX,EDI
   255 00000293 7E BA                           	JLE	L11
   256 00000295 EB A6                           	JMP	L13
   257 00000297                                 	GLOBAL	_boxfill8
   258 00000297                                 _boxfill8:
   259 00000297 55                              	PUSH	EBP
   260 00000298 89 E5                           	MOV	EBP,ESP
   261 0000029A 57                              	PUSH	EDI
   262 0000029B 56                              	PUSH	ESI
   263 0000029C 53                              	PUSH	EBX
   264 0000029D 57                              	PUSH	EDI
   265 0000029E 57                              	PUSH	EDI
   266 0000029F 8A 45 10                        	MOV	AL,BYTE [16+EBP]
   267 000002A2 8B 4D 18                        	MOV	ECX,DWORD [24+EBP]
   268 000002A5 8B 7D 1C                        	MOV	EDI,DWORD [28+EBP]
   269 000002A8 88 45 F3                        	MOV	BYTE [-13+EBP],AL
   270 000002AB 3B 4D 20                        	CMP	ECX,DWORD [32+EBP]
   271 000002AE 7F 39                           	JG	L31
   272 000002B0 8B 5D 0C                        	MOV	EBX,DWORD [12+EBP]
   273 000002B3 0F AF D9                        	IMUL	EBX,ECX
   274 000002B6                                 L29:
   275 000002B6 8B 55 14                        	MOV	EDX,DWORD [20+EBP]
   276 000002B9 39 FA                           	CMP	EDX,EDI
   277 000002BB 7F 1B                           	JG	L33
   278 000002BD 8B 75 08                        	MOV	ESI,DWORD [8+EBP]
   279 000002C0 01 DE                           	ADD	ESI,EBX
   280 000002C2 01 D6                           	ADD	ESI,EDX
   281 000002C4 89 75 EC                        	MOV	DWORD [-20+EBP],ESI
   282 000002C7                                 L23:
   283 000002C7 8B 75 EC                        	MOV	ESI,DWORD [-20+EBP]
   284 000002CA 8A 45 F3                        	MOV	AL,BYTE [-13+EBP]
   285 000002CD 42                              	INC	EDX
   286 000002CE 88 06                           	MOV	BYTE [ESI],AL
   287 000002D0 46                              	INC	ESI
   288 000002D1 89 75 EC                        	MOV	DWORD [-20+EBP],ESI
   289 000002D4 39 FA                           	CMP	EDX,EDI
   290 000002D6 7E EF                           	JLE	L23
   291 000002D8                                 L33:
   292 000002D8 B8 000F423F                     	MOV	EAX,999999
   293 000002DD                                 L28:
   294 000002DD 48                              	DEC	EAX
   295 000002DE 79 FD                           	JNS	L28
   296 000002E0 41                              	INC	ECX
   297 000002E1 03 5D 0C                        	ADD	EBX,DWORD [12+EBP]
   298 000002E4 3B 4D 20                        	CMP	ECX,DWORD [32+EBP]
   299 000002E7 7E CD                           	JLE	L29
   300 000002E9                                 L31:
   301 000002E9 5B                              	POP	EBX
   302 000002EA 5E                              	POP	ESI
   303 000002EB 5B                              	POP	EBX
   304 000002EC 5E                              	POP	ESI
   305 000002ED 5F                              	POP	EDI
   306 000002EE 5D                              	POP	EBP
   307 000002EF C3                              	RET
