     1                                  ;==============================usb============================
     2                                  [bits 16]
     3                                  [ORG 0x7c00]
     4                                          ;; BPB Structure
     5 00000000 EB58                    JMP     entry           ;BS_jmpBoot
     6 00000002 90                      NOP
     7 00000003 48415249424F5445        BS_OEMName      DB "HARIBOTE"
     8 0000000B 0002                    BPB_BytsPerSec  DW 0x0200
     9 0000000D 01                      BPB_SecPerClus  DB 0x01
    10 0000000E 0100                    BPB_RsvdSecCnt  DW 0x0001
    11 00000010 02                      BPB_NumFATs     DB 0x02
    12 00000011 0000                    BPB_RootEntCnt  DW 0x0000
    13 00000013 0000                    BPB_TotSec16    DW 0x0000
    14 00000015 F8                      BPB_Media       DB 0xf8
    15 00000016 0000                    BPB_FATSz16     DW 0x0000
    16 00000018 FFFF                    BPB_SecPerTrk   DW 0xffff
    17 0000001A 0100                    BPB_NumHeads    DW 0x0001
    18 0000001C 00000000                BPB_HiDDSec     DD 0x00000000
    19 00000020 0050EE00                BPB_TotSec32    DD 0x00ee5000
    20 00000024 ED000000                BPB_FATSz32     DD 0x000000ed
    21 00000028 0000                    BPB_ExtFlags    DW 0x0000
    22 0000002A 0000                    BPB_FSVer       DW 0x0000
    23 0000002C 00000000                BPB_RootClus    DD 0x00000000
    24 00000030 0100                    BPB_FSInfo      DW 0x0001
    25 00000032 0000                    BPB_BkBootSec   DW 0x0000
    26 00000034 00<rept>                        times   12      DB 0    ;BPB_Reserverd
    27 00000040 80                      BS_DrvNum       DB 0x80
    28 00000041 00                      BS_Reserved1    DB 0x00
    29 00000042 29                      BS_BootSig      DB 0x29
    30 00000043 5C610A0A                BS_VolID        DD 0xa0a615c
    31 00000047 49534849484120424F-     BS_VolLab       DB "ISHIHA BOOT"
    31 00000050 4F54               
    32 00000052 4641543332202020        BS_FileSysType  DB "FAT32   "
    33                                  
    34                                  
    35                                  
    36                                  entry:
    37 0000005A FA                          CLI
    38                                  
    39 0000005B B80000                      MOV AX, 0
    40 0000005E 8ED8                        MOV DS, AX
    41 00000060 8ED0                        MOV SS, AX
    42 00000062 8EC0                        MOV ES, AX
    43 00000064 89C3                        MOV BX, AX
    44 00000066 89C1                        MOV CX, AX
    45 00000068 BC007C                      MOV SP, 0x7c00
    46                                  prepare:
    47 0000006B FB                          STI
    48 0000006C 8816[6A01]                  MOV [drv], DL
    49                                  
    50 00000070 B441                        MOV AH, 0x41                ; Set Function 0x41
    51 00000072 BBAA55                      MOV word bx, 0x55aa
    52 00000075 CD13                        INT 0x13                   ; Call Interupt
    53 00000077 0F82EA00                    JC unsupported        ; If Extentions aren't Supported, Jump
    54                                  
    55                                  
    56                                  
    57                                  
    58 0000007B 31C0                       xor ax, ax
    59 0000007D 83C001                     add ax, 1                   ; clear carry flag
    60 00000080 6631FF                     XOR EDI, EDI
    61                                  
    62 00000083 B445                       MOV AH, 0x45
    63 00000085 B001                       MOV AL, 0x01
    64 00000087 B280                       MOV DL, 0x80
    65 00000089 CD13                       INT 0x13
    66                                  
    67 0000008B B80000                     MOV AX, 0
    68 0000008E 8ED8                       MOV DS, AX
    69                                  
    70                                  loop:
    71 00000090 B100                        MOV CL, 0
    72                                  retry:
    73 00000092 1E                          PUSH DS
    74 00000093 6660                        PUSHAD
    75 00000095 8A16[6A01]                  MOV DL, [drv]
    76 00000099 B442                        MOV AH, 0x42
    77 0000009B B000                        MOV AL, 0x00
    78 0000009D BE[6B01]                    MOV SI, DAPS
    79 000000A0 CD13                        INT 0x13
    80 000000A2 7310                        JNC next
    81                                  
    82 000000A4 80C101                      ADD CL, 1
    83 000000A7 B280                        MOV DL, 0x80
    84 000000A9 B400                        MOV AH, 0x00
    85 000000AB CD13                        INT 0x13
    86 000000AD 80F906                      CMP CL, 6
    87 000000B0 7379                        JAE error
    88 000000B2 EBDE                        JMP retry
    89                                  next:
    90                                  
    91 000000B4 6631C0                      XOR EAX, EAX
    92 000000B7 6631DB                      XOR EBX, EBX
    93 000000BA 6631C9                      XOR ECX, ECX
    94                                  
    95 000000BD 6683C701                    ADD EDI, 1
    96 000000C1 66B9[73010000]              MOV ECX, lba0
    97 000000C7 66678939                    MOV [ECX], EDI
    98                                  
    99 000000CB 6631C0                      XOR EAX, EAX
   100 000000CE 6631C9                      XOR ECX, ECX
   101 000000D1 6631ED                      XOR EBP, EBP
   102                                  
   103 000000D4 A1[6F01]                    MOV AX, [addr]
   104 000000D7 66B9[6F010000]              MOV ECX, addr
   105 000000DD 66BB[71010000]              MOV EBX, segm
   106 000000E3 050002                      ADD AX, 0x200
   107 000000E6 83D500                      ADC BP, 0
   108 000000E9 C1E50C                      SHL BP, 12
   109 000000EC 032E[7101]                  ADD BP, [segm]
   110 000000F0 67892B                      MOV [EBX], BP
   111                                  
   112                                  
   113 000000F3 678901                      MOV [ECX], AX
   114 000000F6 67892B                      MOV [EBX], BP
   115                                  
   116 000000F9 6681FF6A010000              CMP EDI, 0x16a
   117 00000100 728E                        JB loop
   118                                  
   119 00000102 66B900C20000                MOV ECX, 0xc200
   120                                  
   121 00000108 66B800000000                MOV EAX, 0x0000
   122 0000010E 6689C3                      MOV EBX, EAX
   123 00000111 6689C2                      MOV EDX, EAX
   124 00000114 6689C5                      MOV EBP, EAX
   125 00000117 6689C6                      MOV ESI, EAX
   126 0000011A 6689C7                      MOV EDI, EAX
   127                                  
   128 0000011D B50A                        MOV CH, 10
   129 0000011F 882EF00F                    MOV [0x0ff0], CH
   130                                  
   131 00000123 6689C1                      MOV ECX, EAX
   132 00000126 EA00C20000                      JMP 0x0000:0xc200
   133                                  error:
   134 0000012B 6661                        POPAD
   135 0000012D 1F                          POP DS
   136 0000012E BE[4601]                    MOV     SI,msg
   137                                  putloop:
   138 00000131 8A04                        MOV     AL,[SI]
   139 00000133 83C601                      ADD     SI,1
   140 00000136 3C00                        CMP     AL,0
   141 00000138 7409                        JE      fin
   142 0000013A B40E                        MOV     AH,0x0e
   143 0000013C BB0000                      MOV     BX,0
   144 0000013F CD10                        INT     0x10
   145 00000141 EBEE                        JMP     putloop
   146                                  fin:
   147 00000143 F4                          HLT
   148 00000144 EBFD                        JMP     fin
   149                                  msg:
   150 00000146 0A0A                        DB      0x0a, 0x0a
   151 00000148 6C6F6164206572726F-         DB      "load error"
   151 00000151 72                 
   152 00000152 0A                          DB      0x0a
   153 00000153 00                          DB      0
   154                                  msg1:
   155 00000154 0A0A                        DB      0x0a, 0x0a
   156 00000156 6E6F7420737570706F-         DB      "not supported"
   156 0000015F 72746564           
   157 00000163 0A                          DB      0x0a
   158 00000164 00                          DB      0
   159                                  
   160                                  unsupported:
   161 00000165 BE[5401]                    MOV SI, msg1
   162 00000168 EBC7                        JMP putloop
   163                                  
   164 0000016A 80                      drv:    DB 0x80
   165 0000016B 10                      DAPS:   DB 0x10               ; Size of Structure (16 bytes, always this for DAPS)
   166 0000016C 00                              DB 0                  ; Always 0
   167 0000016D 01                              DB 1                  ; Number of Sectors to Read (1x512)
   168 0000016E 00                              DB 0                  ; Always 0
   169 0000016F 0080                    addr:   DW 0x8000             ; Target Location for Reading To (0x8000 = 0x0800:0x0000)
   170 00000171 0000                    segm:   DW 0x0000             ; Page Table (0, Disabled)
   171 00000173 01000000                lba0:   DD 1                  ; Read from 2nd block (code I want to load)
   172 00000177 00000000                        DD 0                  ; Large LBAs, dunno what this does
   173                                  
   174                                  
   175                                  
   176 0000017B <res 00000083>              RESB    0x01fe-($-$$)
   176          ******************       warning: uninitialized space declared in .text section: zeroing
   177 000001FE 55AA                        DW 0AA55h
