     1 00000000                                 [FORMAT "WCOFF"]
     2 00000000                                 [INSTRSET "i486p"]
     3 00000000                                 [OPTIMIZE 1]
     4 00000000                                 [OPTION 1]
     5 00000000                                 [BITS 32]
     6 00000000                                 	EXTERN	_init_gdtidt
     7 00000000                                 	EXTERN	_init_pic
     8 00000000                                 	EXTERN	_io_sti
     9 00000000                                 	EXTERN	_fifo32_init
    10 00000000                                 	EXTERN	_init_pit
    11 00000000                                 	EXTERN	_init_keyboard
    12 00000000                                 	EXTERN	_enable_mouse
    13 00000000                                 	EXTERN	_io_out8
    14 00000000                                 	EXTERN	_timer_alloc
    15 00000000                                 	EXTERN	_timer_init
    16 00000000                                 	EXTERN	_timer_settime
    17 00000000                                 	EXTERN	_memtest
    18 00000000                                 	EXTERN	_memman_init
    19 00000000                                 	EXTERN	_memman_free
    20 00000000                                 	EXTERN	_init_palette
    21 00000000                                 	EXTERN	_shtctl_init
    22 00000000                                 	EXTERN	_sheet_alloc
    23 00000000                                 	EXTERN	_memman_alloc_4k
    24 00000000                                 	EXTERN	_sheet_setbuf
    25 00000000                                 	EXTERN	_init_screen8
    26 00000000                                 	EXTERN	_init_mouse_cursor8
    27 00000000                                 	EXTERN	_sheet_slide
    28 00000000                                 	EXTERN	_sheet_updown
    29 00000000                                 	EXTERN	_sprintf
    30 00000000                                 	EXTERN	_memman_total
    31 00000000                                 	EXTERN	_timerctl
    32 00000000                                 	EXTERN	_io_cli
    33 00000000                                 	EXTERN	_fifo32_status
    34 00000000                                 	EXTERN	_fifo32_get
    35 00000000                                 	EXTERN	_boxfill8
    36 00000000                                 	EXTERN	_sheet_refresh
    37 00000000                                 	EXTERN	_mouse_decode
    38 00000000                                 	EXTERN	_putfonts8_asc
    39 00000000                                 [FILE "bootpack.c"]
    40                                          [SECTION .data]
    41 00000000                                 LC0:
    42 00000000 63 6F 75 6E 74 65 72 00         	DB	"counter",0x00
    43 00000008                                 LC1:
    44 00000008 28 25 33 64 2C 20 25 33 64 29   	DB	"(%3d, %3d)",0x00
       00000012 00 
    45 00000013                                 LC2:
    46 00000013 6D 65 6D 6F 72 79 20 25 64 4D   	DB	"memory %dMB   free : %dKB",0x00
       0000001D 42 20 20 20 66 72 65 65 20 3A 
       00000027 20 25 64 4B 42 00 
    47 0000002D                                 LC3:
    48 0000002D 25 30 31 30 64 00               	DB	"%010d",0x00
    49 00000033                                 LC7:
    50 00000033 33 5B 73 65 63 5D 00            	DB	"3[sec]",0x00
    51 0000003A                                 LC6:
    52 0000003A 31 30 5B 73 65 63 5D 00         	DB	"10[sec]",0x00
    53 00000042                                 LC5:
    54 00000042 5B 6C 63 72 20 25 34 64 20 25   	DB	"[lcr %4d %4d]",0x00
       0000004C 34 64 5D 00 
    55 00000050                                 LC4:
    56 00000050 25 30 32 58 00                  	DB	"%02X",0x00
    57                                          [SECTION .text]
    58 00000000                                 	GLOBAL	_HariMain
    59 00000000                                 _HariMain:
    60 00000000 55                              	PUSH	EBP
    61 00000001 89 E5                           	MOV	EBP,ESP
    62 00000003 57                              	PUSH	EDI
    63 00000004 56                              	PUSH	ESI
    64 00000005 53                              	PUSH	EBX
    65 00000006 8D 75 D4                        	LEA	ESI,DWORD [-44+EBP]
    66 00000009 81 EC 00000384                  	SUB	ESP,900
    67 0000000F E8 [00000000]                   	CALL	_init_gdtidt
    68 00000014 E8 [00000000]                   	CALL	_init_pic
    69 00000019 E8 [00000000]                   	CALL	_io_sti
    70 0000001E 8D 85 FFFFFDA4                  	LEA	EAX,DWORD [-604+EBP]
    71 00000024 50                              	PUSH	EAX
    72 00000025 68 00000080                     	PUSH	128
    73 0000002A 56                              	PUSH	ESI
    74 0000002B E8 [00000000]                   	CALL	_fifo32_init
    75 00000030 E8 [00000000]                   	CALL	_init_pit
    76 00000035 68 00000100                     	PUSH	256
    77 0000003A 56                              	PUSH	ESI
    78 0000003B E8 [00000000]                   	CALL	_init_keyboard
    79 00000040 8D 85 FFFFFD94                  	LEA	EAX,DWORD [-620+EBP]
    80 00000046 50                              	PUSH	EAX
    81 00000047 68 00000200                     	PUSH	512
    82 0000004C 56                              	PUSH	ESI
    83 0000004D E8 [00000000]                   	CALL	_enable_mouse
    84 00000052 83 C4 20                        	ADD	ESP,32
    85 00000055 68 000000F8                     	PUSH	248
    86 0000005A 6A 21                           	PUSH	33
    87 0000005C E8 [00000000]                   	CALL	_io_out8
    88 00000061 68 000000EF                     	PUSH	239
    89 00000066 68 000000A1                     	PUSH	161
    90 0000006B E8 [00000000]                   	CALL	_io_out8
    91 00000070 E8 [00000000]                   	CALL	_timer_alloc
    92 00000075 6A 0A                           	PUSH	10
    93 00000077 56                              	PUSH	ESI
    94 00000078 89 C3                           	MOV	EBX,EAX
    95 0000007A 50                              	PUSH	EAX
    96 0000007B E8 [00000000]                   	CALL	_timer_init
    97 00000080 68 000003E8                     	PUSH	1000
    98 00000085 53                              	PUSH	EBX
    99 00000086 E8 [00000000]                   	CALL	_timer_settime
   100 0000008B 83 C4 24                        	ADD	ESP,36
   101 0000008E E8 [00000000]                   	CALL	_timer_alloc
   102 00000093 6A 03                           	PUSH	3
   103 00000095 89 C3                           	MOV	EBX,EAX
   104 00000097 56                              	PUSH	ESI
   105 00000098 50                              	PUSH	EAX
   106 00000099 E8 [00000000]                   	CALL	_timer_init
   107 0000009E 68 0000012C                     	PUSH	300
   108 000000A3 53                              	PUSH	EBX
   109 000000A4 E8 [00000000]                   	CALL	_timer_settime
   110 000000A9 E8 [00000000]                   	CALL	_timer_alloc
   111 000000AE 6A 01                           	PUSH	1
   112 000000B0 56                              	PUSH	ESI
   113 000000B1 50                              	PUSH	EAX
   114 000000B2 89 85 FFFFFC90                  	MOV	DWORD [-880+EBP],EAX
   115 000000B8 E8 [00000000]                   	CALL	_timer_init
   116 000000BD 83 C4 20                        	ADD	ESP,32
   117 000000C0 6A 32                           	PUSH	50
   118 000000C2 FF B5 FFFFFC90                  	PUSH	DWORD [-880+EBP]
   119 000000C8 E8 [00000000]                   	CALL	_timer_settime
   120 000000CD 68 BFFFFFFF                     	PUSH	-1073741825
   121 000000D2 68 00400000                     	PUSH	4194304
   122 000000D7 E8 [00000000]                   	CALL	_memtest
   123 000000DC 68 003C0000                     	PUSH	3932160
   124 000000E1 89 C7                           	MOV	EDI,EAX
   125 000000E3 E8 [00000000]                   	CALL	_memman_init
   126 000000E8 68 0009E000                     	PUSH	647168
   127 000000ED 68 00001000                     	PUSH	4096
   128 000000F2 68 003C0000                     	PUSH	3932160
   129 000000F7 E8 [00000000]                   	CALL	_memman_free
   130 000000FC 8D 87 FFC00000                  	LEA	EAX,DWORD [-4194304+EDI]
   131 00000102 C1 EF 14                        	SHR	EDI,20
   132 00000105 83 C4 20                        	ADD	ESP,32
   133 00000108 50                              	PUSH	EAX
   134 00000109 68 00400000                     	PUSH	4194304
   135 0000010E 68 003C0000                     	PUSH	3932160
   136 00000113 E8 [00000000]                   	CALL	_memman_free
   137 00000118 E8 [00000000]                   	CALL	_init_palette
   138 0000011D 0F BF 05 00000FF6               	MOVSX	EAX,WORD [4086]
   139 00000124 50                              	PUSH	EAX
   140 00000125 0F BF 05 00000FF4               	MOVSX	EAX,WORD [4084]
   141 0000012C 50                              	PUSH	EAX
   142 0000012D FF 35 00000FF8                  	PUSH	DWORD [4088]
   143 00000133 68 003C0000                     	PUSH	3932160
   144 00000138 E8 [00000000]                   	CALL	_shtctl_init
   145 0000013D 89 C3                           	MOV	EBX,EAX
   146 0000013F 50                              	PUSH	EAX
   147 00000140 E8 [00000000]                   	CALL	_sheet_alloc
   148 00000145 83 C4 20                        	ADD	ESP,32
   149 00000148 53                              	PUSH	EBX
   150 00000149 89 85 FFFFFC84                  	MOV	DWORD [-892+EBP],EAX
   151 0000014F E8 [00000000]                   	CALL	_sheet_alloc
   152 00000154 53                              	PUSH	EBX
   153 00000155 8D 9D FFFFFC94                  	LEA	EBX,DWORD [-876+EBP]
   154 0000015B 89 85 FFFFFC80                  	MOV	DWORD [-896+EBP],EAX
   155 00000161 E8 [00000000]                   	CALL	_sheet_alloc
   156 00000166 0F BF 15 00000FF6               	MOVSX	EDX,WORD [4086]
   157 0000016D 89 85 FFFFFC7C                  	MOV	DWORD [-900+EBP],EAX
   158 00000173 0F BF 05 00000FF4               	MOVSX	EAX,WORD [4084]
   159 0000017A 0F AF C2                        	IMUL	EAX,EDX
   160 0000017D 50                              	PUSH	EAX
   161 0000017E 68 003C0000                     	PUSH	3932160
   162 00000183 E8 [00000000]                   	CALL	_memman_alloc_4k
   163 00000188 68 00002080                     	PUSH	8320
   164 0000018D 68 003C0000                     	PUSH	3932160
   165 00000192 89 85 FFFFFC78                  	MOV	DWORD [-904+EBP],EAX
   166 00000198 E8 [00000000]                   	CALL	_memman_alloc_4k
   167 0000019D 6A FF                           	PUSH	-1
   168 0000019F 89 C6                           	MOV	ESI,EAX
   169 000001A1 0F BF 05 00000FF6               	MOVSX	EAX,WORD [4086]
   170 000001A8 50                              	PUSH	EAX
   171 000001A9 0F BF 05 00000FF4               	MOVSX	EAX,WORD [4084]
   172 000001B0 50                              	PUSH	EAX
   173 000001B1 FF B5 FFFFFC78                  	PUSH	DWORD [-904+EBP]
   174 000001B7 FF B5 FFFFFC84                  	PUSH	DWORD [-892+EBP]
   175 000001BD E8 [00000000]                   	CALL	_sheet_setbuf
   176 000001C2 83 C4 2C                        	ADD	ESP,44
   177 000001C5 6A 63                           	PUSH	99
   178 000001C7 6A 10                           	PUSH	16
   179 000001C9 6A 10                           	PUSH	16
   180 000001CB 53                              	PUSH	EBX
   181 000001CC FF B5 FFFFFC80                  	PUSH	DWORD [-896+EBP]
   182 000001D2 E8 [00000000]                   	CALL	_sheet_setbuf
   183 000001D7 6A FF                           	PUSH	-1
   184 000001D9 6A 34                           	PUSH	52
   185 000001DB 68 000000A0                     	PUSH	160
   186 000001E0 56                              	PUSH	ESI
   187 000001E1 FF B5 FFFFFC7C                  	PUSH	DWORD [-900+EBP]
   188 000001E7 E8 [00000000]                   	CALL	_sheet_setbuf
   189 000001EC 83 C4 28                        	ADD	ESP,40
   190 000001EF 0F BF 05 00000FF6               	MOVSX	EAX,WORD [4086]
   191 000001F6 50                              	PUSH	EAX
   192 000001F7 0F BF 05 00000FF4               	MOVSX	EAX,WORD [4084]
   193 000001FE 50                              	PUSH	EAX
   194 000001FF FF B5 FFFFFC78                  	PUSH	DWORD [-904+EBP]
   195 00000205 E8 [00000000]                   	CALL	_init_screen8
   196 0000020A 6A 63                           	PUSH	99
   197 0000020C 53                              	PUSH	EBX
   198 0000020D BB 00000002                     	MOV	EBX,2
   199 00000212 E8 [00000000]                   	CALL	_init_mouse_cursor8
   200 00000217 68 [00000000]                   	PUSH	LC0
   201 0000021C 6A 34                           	PUSH	52
   202 0000021E 68 000000A0                     	PUSH	160
   203 00000223 56                              	PUSH	ESI
   204 00000224 E8 000003A6                     	CALL	_make_window8
   205 00000229 83 C4 24                        	ADD	ESP,36
   206 0000022C 6A 00                           	PUSH	0
   207 0000022E 6A 00                           	PUSH	0
   208 00000230 FF B5 FFFFFC84                  	PUSH	DWORD [-892+EBP]
   209 00000236 E8 [00000000]                   	CALL	_sheet_slide
   210 0000023B 0F BF 05 00000FF4               	MOVSX	EAX,WORD [4084]
   211 00000242 8D 48 F0                        	LEA	ECX,DWORD [-16+EAX]
   212 00000245 89 C8                           	MOV	EAX,ECX
   213 00000247 99                              	CDQ
   214 00000248 F7 FB                           	IDIV	EBX
   215 0000024A 89 85 FFFFFC8C                  	MOV	DWORD [-884+EBP],EAX
   216 00000250 0F BF 05 00000FF6               	MOVSX	EAX,WORD [4086]
   217 00000257 8D 48 D4                        	LEA	ECX,DWORD [-44+EAX]
   218 0000025A 89 C8                           	MOV	EAX,ECX
   219 0000025C 99                              	CDQ
   220 0000025D F7 FB                           	IDIV	EBX
   221 0000025F 50                              	PUSH	EAX
   222 00000260 89 85 FFFFFC88                  	MOV	DWORD [-888+EBP],EAX
   223 00000266 FF B5 FFFFFC8C                  	PUSH	DWORD [-884+EBP]
   224 0000026C FF B5 FFFFFC80                  	PUSH	DWORD [-896+EBP]
   225 00000272 8D 5D A4                        	LEA	EBX,DWORD [-92+EBP]
   226 00000275 E8 [00000000]                   	CALL	_sheet_slide
   227 0000027A 6A 48                           	PUSH	72
   228 0000027C 6A 50                           	PUSH	80
   229 0000027E FF B5 FFFFFC7C                  	PUSH	DWORD [-900+EBP]
   230 00000284 E8 [00000000]                   	CALL	_sheet_slide
   231 00000289 83 C4 24                        	ADD	ESP,36
   232 0000028C 6A 00                           	PUSH	0
   233 0000028E FF B5 FFFFFC84                  	PUSH	DWORD [-892+EBP]
   234 00000294 E8 [00000000]                   	CALL	_sheet_updown
   235 00000299 6A 01                           	PUSH	1
   236 0000029B FF B5 FFFFFC7C                  	PUSH	DWORD [-900+EBP]
   237 000002A1 E8 [00000000]                   	CALL	_sheet_updown
   238 000002A6 6A 02                           	PUSH	2
   239 000002A8 FF B5 FFFFFC80                  	PUSH	DWORD [-896+EBP]
   240 000002AE E8 [00000000]                   	CALL	_sheet_updown
   241 000002B3 FF B5 FFFFFC88                  	PUSH	DWORD [-888+EBP]
   242 000002B9 FF B5 FFFFFC8C                  	PUSH	DWORD [-884+EBP]
   243 000002BF 68 [00000008]                   	PUSH	LC1
   244 000002C4 53                              	PUSH	EBX
   245 000002C5 E8 [00000000]                   	CALL	_sprintf
   246 000002CA 83 C4 28                        	ADD	ESP,40
   247 000002CD 6A 0A                           	PUSH	10
   248 000002CF 53                              	PUSH	EBX
   249 000002D0 6A 0E                           	PUSH	14
   250 000002D2 6A 07                           	PUSH	7
   251 000002D4 6A 00                           	PUSH	0
   252 000002D6 6A 00                           	PUSH	0
   253 000002D8 FF B5 FFFFFC84                  	PUSH	DWORD [-892+EBP]
   254 000002DE E8 00000458                     	CALL	_putfonts8_asc_sht
   255 000002E3 68 003C0000                     	PUSH	3932160
   256 000002E8 E8 [00000000]                   	CALL	_memman_total
   257 000002ED C1 E8 0A                        	SHR	EAX,10
   258 000002F0 89 04 24                        	MOV	DWORD [ESP],EAX
   259 000002F3 57                              	PUSH	EDI
   260 000002F4 68 [00000013]                   	PUSH	LC2
   261 000002F9 53                              	PUSH	EBX
   262 000002FA E8 [00000000]                   	CALL	_sprintf
   263 000002FF 83 C4 2C                        	ADD	ESP,44
   264 00000302 6A 28                           	PUSH	40
   265 00000304 53                              	PUSH	EBX
   266 00000305 6A 0E                           	PUSH	14
   267 00000307 6A 07                           	PUSH	7
   268 00000309 6A 20                           	PUSH	32
   269 0000030B                                 L29:
   270 0000030B 6A 00                           	PUSH	0
   271 0000030D FF B5 FFFFFC84                  	PUSH	DWORD [-892+EBP]
   272 00000313                                 L27:
   273 00000313 E8 00000423                     	CALL	_putfonts8_asc_sht
   274 00000318                                 L26:
   275 00000318 83 C4 1C                        	ADD	ESP,28
   276 0000031B                                 L2:
   277 0000031B FF 35 [00000000]                	PUSH	DWORD [_timerctl]
   278 00000321 68 [0000002D]                   	PUSH	LC3
   279 00000326 8D 7D A4                        	LEA	EDI,DWORD [-92+EBP]
   280 00000329 57                              	PUSH	EDI
   281 0000032A 8D 75 D4                        	LEA	ESI,DWORD [-44+EBP]
   282 0000032D E8 [00000000]                   	CALL	_sprintf
   283 00000332 6A 0A                           	PUSH	10
   284 00000334 57                              	PUSH	EDI
   285 00000335 6A 08                           	PUSH	8
   286 00000337 6A 00                           	PUSH	0
   287 00000339 6A 1C                           	PUSH	28
   288 0000033B 6A 28                           	PUSH	40
   289 0000033D FF B5 FFFFFC7C                  	PUSH	DWORD [-900+EBP]
   290 00000343 E8 000003F3                     	CALL	_putfonts8_asc_sht
   291 00000348 83 C4 28                        	ADD	ESP,40
   292 0000034B E8 [00000000]                   	CALL	_io_cli
   293 00000350 56                              	PUSH	ESI
   294 00000351 E8 [00000000]                   	CALL	_fifo32_status
   295 00000356 59                              	POP	ECX
   296 00000357 85 C0                           	TEST	EAX,EAX
   297 00000359 0F 84 00000266                  	JE	L30
   298 0000035F 56                              	PUSH	ESI
   299 00000360 E8 [00000000]                   	CALL	_fifo32_get
   300 00000365 89 C3                           	MOV	EBX,EAX
   301 00000367 E8 [00000000]                   	CALL	_io_sti
   302 0000036C 5A                              	POP	EDX
   303 0000036D 8D 83 FFFFFF00                  	LEA	EAX,DWORD [-256+EBX]
   304 00000373 3D 000000FF                     	CMP	EAX,255
   305 00000378 0F 86 0000021D                  	JBE	L31
   306 0000037E 8D 83 FFFFFE00                  	LEA	EAX,DWORD [-512+EBX]
   307 00000384 3D 000000FF                     	CMP	EAX,255
   308 00000389 0F 86 000000DA                  	JBE	L32
   309 0000038F 83 FB 0A                        	CMP	EBX,10
   310 00000392 0F 84 00000091                  	JE	L33
   311 00000398 83 FB 03                        	CMP	EBX,3
   312 0000039B 74 7A                           	JE	L34
   313 0000039D 83 FB 01                        	CMP	EBX,1
   314 000003A0 74 5B                           	JE	L35
   315 000003A2 85 DB                           	TEST	EBX,EBX
   316 000003A4 0F 85 FFFFFF71                  	JNE	L2
   317 000003AA 6A 01                           	PUSH	1
   318 000003AC 56                              	PUSH	ESI
   319 000003AD FF B5 FFFFFC90                  	PUSH	DWORD [-880+EBP]
   320 000003B3 E8 [00000000]                   	CALL	_timer_init
   321 000003B8 6A 6F                           	PUSH	111
   322 000003BA 6A 0F                           	PUSH	15
   323 000003BC 6A 60                           	PUSH	96
   324 000003BE 6A 08                           	PUSH	8
   325 000003C0 6A 0E                           	PUSH	14
   326 000003C2                                 L28:
   327 000003C2 0F BF 05 00000FF4               	MOVSX	EAX,WORD [4084]
   328 000003C9 50                              	PUSH	EAX
   329 000003CA FF B5 FFFFFC78                  	PUSH	DWORD [-904+EBP]
   330 000003D0 E8 [00000000]                   	CALL	_boxfill8
   331 000003D5 83 C4 28                        	ADD	ESP,40
   332 000003D8 6A 32                           	PUSH	50
   333 000003DA FF B5 FFFFFC90                  	PUSH	DWORD [-880+EBP]
   334 000003E0 E8 [00000000]                   	CALL	_timer_settime
   335 000003E5 6A 70                           	PUSH	112
   336 000003E7 6A 10                           	PUSH	16
   337 000003E9 6A 60                           	PUSH	96
   338 000003EB 6A 08                           	PUSH	8
   339 000003ED FF B5 FFFFFC84                  	PUSH	DWORD [-892+EBP]
   340 000003F3 E8 [00000000]                   	CALL	_sheet_refresh
   341 000003F8 E9 FFFFFF1B                     	JMP	L26
   342 000003FD                                 L35:
   343 000003FD 6A 00                           	PUSH	0
   344 000003FF 56                              	PUSH	ESI
   345 00000400 FF B5 FFFFFC90                  	PUSH	DWORD [-880+EBP]
   346 00000406 E8 [00000000]                   	CALL	_timer_init
   347 0000040B 6A 6F                           	PUSH	111
   348 0000040D 6A 0F                           	PUSH	15
   349 0000040F 6A 60                           	PUSH	96
   350 00000411 6A 08                           	PUSH	8
   351 00000413 6A 07                           	PUSH	7
   352 00000415 EB AB                           	JMP	L28
   353 00000417                                 L34:
   354 00000417 6A 06                           	PUSH	6
   355 00000419 68 [00000033]                   	PUSH	LC7
   356 0000041E 6A 0E                           	PUSH	14
   357 00000420 6A 07                           	PUSH	7
   358 00000422 6A 50                           	PUSH	80
   359 00000424 E9 FFFFFEE2                     	JMP	L29
   360 00000429                                 L33:
   361 00000429 6A 07                           	PUSH	7
   362 0000042B 68 [0000003A]                   	PUSH	LC6
   363 00000430 6A 0E                           	PUSH	14
   364 00000432 6A 07                           	PUSH	7
   365 00000434 6A 40                           	PUSH	64
   366 00000436 6A 00                           	PUSH	0
   367 00000438 FF B5 FFFFFC84                  	PUSH	DWORD [-892+EBP]
   368 0000043E E8 000002F8                     	CALL	_putfonts8_asc_sht
   369 00000443 6A 00                           	PUSH	0
   370 00000445 68 [0000002D]                   	PUSH	LC3
   371 0000044A 57                              	PUSH	EDI
   372 0000044B E8 [00000000]                   	CALL	_sprintf
   373 00000450 83 C4 28                        	ADD	ESP,40
   374 00000453 6A 0A                           	PUSH	10
   375 00000455 57                              	PUSH	EDI
   376 00000456 6A 08                           	PUSH	8
   377 00000458 6A 00                           	PUSH	0
   378 0000045A 6A 1C                           	PUSH	28
   379 0000045C 6A 28                           	PUSH	40
   380 0000045E FF B5 FFFFFC7C                  	PUSH	DWORD [-900+EBP]
   381 00000464 E9 FFFFFEAA                     	JMP	L27
   382 00000469                                 L32:
   383 00000469 0F B6 C3                        	MOVZX	EAX,BL
   384 0000046C 50                              	PUSH	EAX
   385 0000046D 8D 85 FFFFFD94                  	LEA	EAX,DWORD [-620+EBP]
   386 00000473 50                              	PUSH	EAX
   387 00000474 E8 [00000000]                   	CALL	_mouse_decode
   388 00000479 5A                              	POP	EDX
   389 0000047A 59                              	POP	ECX
   390 0000047B 85 C0                           	TEST	EAX,EAX
   391 0000047D 0F 84 FFFFFE98                  	JE	L2
   392 00000483 FF B5 FFFFFD9C                  	PUSH	DWORD [-612+EBP]
   393 00000489 FF B5 FFFFFD98                  	PUSH	DWORD [-616+EBP]
   394 0000048F 68 [00000042]                   	PUSH	LC5
   395 00000494 57                              	PUSH	EDI
   396 00000495 E8 [00000000]                   	CALL	_sprintf
   397 0000049A 83 C4 10                        	ADD	ESP,16
   398 0000049D 8B 85 FFFFFDA0                  	MOV	EAX,DWORD [-608+EBP]
   399 000004A3 A9 00000001                     	TEST	EAX,1
   400 000004A8 74 04                           	JE	L11
   401 000004AA C6 45 A5 4C                     	MOV	BYTE [-91+EBP],76
   402 000004AE                                 L11:
   403 000004AE A9 00000002                     	TEST	EAX,2
   404 000004B3 74 04                           	JE	L12
   405 000004B5 C6 45 A7 52                     	MOV	BYTE [-89+EBP],82
   406 000004B9                                 L12:
   407 000004B9 83 E0 04                        	AND	EAX,4
   408 000004BC 74 04                           	JE	L13
   409 000004BE C6 45 A6 43                     	MOV	BYTE [-90+EBP],67
   410 000004C2                                 L13:
   411 000004C2 6A 0F                           	PUSH	15
   412 000004C4 57                              	PUSH	EDI
   413 000004C5 6A 0E                           	PUSH	14
   414 000004C7 6A 07                           	PUSH	7
   415 000004C9 6A 10                           	PUSH	16
   416 000004CB 6A 20                           	PUSH	32
   417 000004CD FF B5 FFFFFC84                  	PUSH	DWORD [-892+EBP]
   418 000004D3 E8 00000263                     	CALL	_putfonts8_asc_sht
   419 000004D8 8B 85 FFFFFD98                  	MOV	EAX,DWORD [-616+EBP]
   420 000004DE 8B 9D FFFFFD9C                  	MOV	EBX,DWORD [-612+EBP]
   421 000004E4 83 C4 1C                        	ADD	ESP,28
   422 000004E7 01 9D FFFFFC88                  	ADD	DWORD [-888+EBP],EBX
   423 000004ED 01 85 FFFFFC8C                  	ADD	DWORD [-884+EBP],EAX
   424 000004F3 0F 88 00000093                  	JS	L36
   425 000004F9                                 L14:
   426 000004F9 83 BD FFFFFC88 00               	CMP	DWORD [-888+EBP],0
   427 00000500 78 7B                           	JS	L37
   428 00000502                                 L15:
   429 00000502 0F BF 05 00000FF4               	MOVSX	EAX,WORD [4084]
   430 00000509 48                              	DEC	EAX
   431 0000050A 39 85 FFFFFC8C                  	CMP	DWORD [-884+EBP],EAX
   432 00000510 7E 06                           	JLE	L16
   433 00000512 89 85 FFFFFC8C                  	MOV	DWORD [-884+EBP],EAX
   434 00000518                                 L16:
   435 00000518 0F BF 05 00000FF6               	MOVSX	EAX,WORD [4086]
   436 0000051F 48                              	DEC	EAX
   437 00000520 39 85 FFFFFC88                  	CMP	DWORD [-888+EBP],EAX
   438 00000526 7E 06                           	JLE	L17
   439 00000528 89 85 FFFFFC88                  	MOV	DWORD [-888+EBP],EAX
   440 0000052E                                 L17:
   441 0000052E FF B5 FFFFFC88                  	PUSH	DWORD [-888+EBP]
   442 00000534 FF B5 FFFFFC8C                  	PUSH	DWORD [-884+EBP]
   443 0000053A 68 [00000008]                   	PUSH	LC1
   444 0000053F 57                              	PUSH	EDI
   445 00000540 E8 [00000000]                   	CALL	_sprintf
   446 00000545 6A 0A                           	PUSH	10
   447 00000547 57                              	PUSH	EDI
   448 00000548 6A 0E                           	PUSH	14
   449 0000054A 6A 07                           	PUSH	7
   450 0000054C 6A 00                           	PUSH	0
   451 0000054E 6A 00                           	PUSH	0
   452 00000550 FF B5 FFFFFC84                  	PUSH	DWORD [-892+EBP]
   453 00000556 E8 000001E0                     	CALL	_putfonts8_asc_sht
   454 0000055B 83 C4 2C                        	ADD	ESP,44
   455 0000055E FF B5 FFFFFC88                  	PUSH	DWORD [-888+EBP]
   456 00000564 FF B5 FFFFFC8C                  	PUSH	DWORD [-884+EBP]
   457 0000056A FF B5 FFFFFC80                  	PUSH	DWORD [-896+EBP]
   458 00000570 E8 [00000000]                   	CALL	_sheet_slide
   459 00000575 83 C4 0C                        	ADD	ESP,12
   460 00000578 E9 FFFFFD9E                     	JMP	L2
   461 0000057D                                 L37:
   462 0000057D C7 85 FFFFFC88 00000000         	MOV	DWORD [-888+EBP],0
   463 00000587 E9 FFFFFF76                     	JMP	L15
   464 0000058C                                 L36:
   465 0000058C C7 85 FFFFFC8C 00000000         	MOV	DWORD [-884+EBP],0
   466 00000596 E9 FFFFFF5E                     	JMP	L14
   467 0000059B                                 L31:
   468 0000059B 50                              	PUSH	EAX
   469 0000059C 68 [00000050]                   	PUSH	LC4
   470 000005A1 57                              	PUSH	EDI
   471 000005A2 E8 [00000000]                   	CALL	_sprintf
   472 000005A7 6A 02                           	PUSH	2
   473 000005A9 57                              	PUSH	EDI
   474 000005AA 6A 0E                           	PUSH	14
   475 000005AC 6A 07                           	PUSH	7
   476 000005AE 6A 10                           	PUSH	16
   477 000005B0 6A 00                           	PUSH	0
   478 000005B2 FF B5 FFFFFC84                  	PUSH	DWORD [-892+EBP]
   479 000005B8 E8 0000017E                     	CALL	_putfonts8_asc_sht
   480 000005BD 83 C4 28                        	ADD	ESP,40
   481 000005C0 E9 FFFFFD56                     	JMP	L2
   482 000005C5                                 L30:
   483 000005C5 E8 [00000000]                   	CALL	_io_sti
   484 000005CA E9 FFFFFD4C                     	JMP	L2
   485                                          [SECTION .data]
   486 00000055                                 _closebtn.0:
   487 00000055 4F 4F 4F 4F 4F 4F 4F 4F 4F 4F   	DB	"OOOOOOOOOOOOOOO@"
       0000005F 4F 4F 4F 4F 4F 40 
   488 00000065 4F 51 51 51 51 51 51 51 51 51   	DB	"OQQQQQQQQQQQQQ$@"
       0000006F 51 51 51 51 24 40 
   489 00000075 4F 51 51 51 51 51 51 51 51 51   	DB	"OQQQQQQQQQQQQQ$@"
       0000007F 51 51 51 51 24 40 
   490 00000085 4F 51 51 51 40 40 51 51 51 51   	DB	"OQQQ@@QQQQ@@QQ$@"
       0000008F 40 40 51 51 24 40 
   491 00000095 4F 51 51 51 51 40 40 51 51 40   	DB	"OQQQQ@@QQ@@QQQ$@"
       0000009F 40 51 51 51 24 40 
   492 000000A5 4F 51 51 51 51 51 40 40 40 40   	DB	"OQQQQQ@@@@QQQQ$@"
       000000AF 51 51 51 51 24 40 
   493 000000B5 4F 51 51 51 51 51 51 40 40 51   	DB	"OQQQQQQ@@QQQQQ$@"
       000000BF 51 51 51 51 24 40 
   494 000000C5 4F 51 51 51 51 51 40 40 40 40   	DB	"OQQQQQ@@@@QQQQ$@"
       000000CF 51 51 51 51 24 40 
   495 000000D5 4F 51 51 51 51 40 40 51 51 40   	DB	"OQQQQ@@QQ@@QQQ$@"
       000000DF 40 51 51 51 24 40 
   496 000000E5 4F 51 51 51 40 40 51 51 51 51   	DB	"OQQQ@@QQQQ@@QQ$@"
       000000EF 40 40 51 51 24 40 
   497 000000F5 4F 51 51 51 51 51 51 51 51 51   	DB	"OQQQQQQQQQQQQQ$@"
       000000FF 51 51 51 51 24 40 
   498 00000105 4F 51 51 51 51 51 51 51 51 51   	DB	"OQQQQQQQQQQQQQ$@"
       0000010F 51 51 51 51 24 40 
   499 00000115 4F 24 24 24 24 24 24 24 24 24   	DB	"O$$$$$$$$$$$$$$@"
       0000011F 24 24 24 24 24 40 
   500 00000125 40 40 40 40 40 40 40 40 40 40   	DB	"@@@@@@@@@@@@@@@@"
       0000012F 40 40 40 40 40 40 
   501                                          [SECTION .text]
   502 000005CF                                 	GLOBAL	_make_window8
   503 000005CF                                 _make_window8:
   504 000005CF 55                              	PUSH	EBP
   505 000005D0 89 E5                           	MOV	EBP,ESP
   506 000005D2 57                              	PUSH	EDI
   507 000005D3 56                              	PUSH	ESI
   508 000005D4 53                              	PUSH	EBX
   509 000005D5 83 EC 14                        	SUB	ESP,20
   510 000005D8 8B 5D 0C                        	MOV	EBX,DWORD [12+EBP]
   511 000005DB 6A 00                           	PUSH	0
   512 000005DD 8D 43 FF                        	LEA	EAX,DWORD [-1+EBX]
   513 000005E0 8D 7B FE                        	LEA	EDI,DWORD [-2+EBX]
   514 000005E3 50                              	PUSH	EAX
   515 000005E4 89 45 EC                        	MOV	DWORD [-20+EBP],EAX
   516 000005E7 6A 00                           	PUSH	0
   517 000005E9 6A 00                           	PUSH	0
   518 000005EB 6A 08                           	PUSH	8
   519 000005ED 53                              	PUSH	EBX
   520 000005EE FF 75 08                        	PUSH	DWORD [8+EBP]
   521 000005F1 E8 [00000000]                   	CALL	_boxfill8
   522 000005F6 6A 01                           	PUSH	1
   523 000005F8 57                              	PUSH	EDI
   524 000005F9 6A 01                           	PUSH	1
   525 000005FB 6A 01                           	PUSH	1
   526 000005FD 6A 07                           	PUSH	7
   527 000005FF 53                              	PUSH	EBX
   528 00000600 FF 75 08                        	PUSH	DWORD [8+EBP]
   529 00000603 E8 [00000000]                   	CALL	_boxfill8
   530 00000608 8B 55 10                        	MOV	EDX,DWORD [16+EBP]
   531 0000060B 83 C4 38                        	ADD	ESP,56
   532 0000060E 4A                              	DEC	EDX
   533 0000060F 89 55 E8                        	MOV	DWORD [-24+EBP],EDX
   534 00000612 52                              	PUSH	EDX
   535 00000613 6A 00                           	PUSH	0
   536 00000615 6A 00                           	PUSH	0
   537 00000617 6A 00                           	PUSH	0
   538 00000619 6A 08                           	PUSH	8
   539 0000061B 53                              	PUSH	EBX
   540 0000061C FF 75 08                        	PUSH	DWORD [8+EBP]
   541 0000061F E8 [00000000]                   	CALL	_boxfill8
   542 00000624 8B 75 10                        	MOV	ESI,DWORD [16+EBP]
   543 00000627 83 EE 02                        	SUB	ESI,2
   544 0000062A 56                              	PUSH	ESI
   545 0000062B 6A 01                           	PUSH	1
   546 0000062D 6A 01                           	PUSH	1
   547 0000062F 6A 01                           	PUSH	1
   548 00000631 6A 07                           	PUSH	7
   549 00000633 53                              	PUSH	EBX
   550 00000634 FF 75 08                        	PUSH	DWORD [8+EBP]
   551 00000637 E8 [00000000]                   	CALL	_boxfill8
   552 0000063C 83 C4 38                        	ADD	ESP,56
   553 0000063F 56                              	PUSH	ESI
   554 00000640 57                              	PUSH	EDI
   555 00000641 6A 01                           	PUSH	1
   556 00000643 57                              	PUSH	EDI
   557 00000644 6A 0F                           	PUSH	15
   558 00000646 53                              	PUSH	EBX
   559 00000647 FF 75 08                        	PUSH	DWORD [8+EBP]
   560 0000064A E8 [00000000]                   	CALL	_boxfill8
   561 0000064F FF 75 E8                        	PUSH	DWORD [-24+EBP]
   562 00000652 FF 75 EC                        	PUSH	DWORD [-20+EBP]
   563 00000655 6A 00                           	PUSH	0
   564 00000657 FF 75 EC                        	PUSH	DWORD [-20+EBP]
   565 0000065A 6A 00                           	PUSH	0
   566 0000065C 53                              	PUSH	EBX
   567 0000065D FF 75 08                        	PUSH	DWORD [8+EBP]
   568 00000660 E8 [00000000]                   	CALL	_boxfill8
   569 00000665 8B 45 10                        	MOV	EAX,DWORD [16+EBP]
   570 00000668 83 C4 38                        	ADD	ESP,56
   571 0000066B 83 E8 03                        	SUB	EAX,3
   572 0000066E 50                              	PUSH	EAX
   573 0000066F 8D 43 FD                        	LEA	EAX,DWORD [-3+EBX]
   574 00000672 50                              	PUSH	EAX
   575 00000673 6A 02                           	PUSH	2
   576 00000675 6A 02                           	PUSH	2
   577 00000677 6A 08                           	PUSH	8
   578 00000679 53                              	PUSH	EBX
   579 0000067A FF 75 08                        	PUSH	DWORD [8+EBP]
   580 0000067D E8 [00000000]                   	CALL	_boxfill8
   581 00000682 8D 43 FC                        	LEA	EAX,DWORD [-4+EBX]
   582 00000685 6A 14                           	PUSH	20
   583 00000687 50                              	PUSH	EAX
   584 00000688 6A 03                           	PUSH	3
   585 0000068A 6A 03                           	PUSH	3
   586 0000068C 6A 0C                           	PUSH	12
   587 0000068E 53                              	PUSH	EBX
   588 0000068F FF 75 08                        	PUSH	DWORD [8+EBP]
   589 00000692 E8 [00000000]                   	CALL	_boxfill8
   590 00000697 83 C4 38                        	ADD	ESP,56
   591 0000069A 56                              	PUSH	ESI
   592 0000069B 57                              	PUSH	EDI
   593 0000069C 56                              	PUSH	ESI
   594 0000069D 6A 01                           	PUSH	1
   595 0000069F 6A 0F                           	PUSH	15
   596 000006A1 53                              	PUSH	EBX
   597 000006A2 FF 75 08                        	PUSH	DWORD [8+EBP]
   598 000006A5 E8 [00000000]                   	CALL	_boxfill8
   599 000006AA FF 75 E8                        	PUSH	DWORD [-24+EBP]
   600 000006AD FF 75 EC                        	PUSH	DWORD [-20+EBP]
   601 000006B0 FF 75 E8                        	PUSH	DWORD [-24+EBP]
   602 000006B3 6A 00                           	PUSH	0
   603 000006B5 6A 00                           	PUSH	0
   604 000006B7 6B F3 05                        	IMUL	ESI,EBX,5
   605 000006BA 53                              	PUSH	EBX
   606 000006BB FF 75 08                        	PUSH	DWORD [8+EBP]
   607 000006BE E8 [00000000]                   	CALL	_boxfill8
   608 000006C3 83 C4 38                        	ADD	ESP,56
   609 000006C6 FF 75 14                        	PUSH	DWORD [20+EBP]
   610 000006C9 6A 07                           	PUSH	7
   611 000006CB 6A 04                           	PUSH	4
   612 000006CD 6A 18                           	PUSH	24
   613 000006CF 53                              	PUSH	EBX
   614 000006D0 FF 75 08                        	PUSH	DWORD [8+EBP]
   615 000006D3 E8 [00000000]                   	CALL	_putfonts8_asc
   616 000006D8 83 C4 18                        	ADD	ESP,24
   617 000006DB C7 45 F0 00000000               	MOV	DWORD [-16+EBP],0
   618 000006E2 C7 45 E0 00000000               	MOV	DWORD [-32+EBP],0
   619 000006E9                                 L54:
   620 000006E9 8D 04 1E                        	LEA	EAX,DWORD [ESI+EBX*1]
   621 000006EC 8B 55 08                        	MOV	EDX,DWORD [8+EBP]
   622 000006EF 31 FF                           	XOR	EDI,EDI
   623 000006F1 8D 4C 02 EB                     	LEA	ECX,DWORD [-21+EDX+EAX*1]
   624 000006F5                                 L53:
   625 000006F5 8B 45 E0                        	MOV	EAX,DWORD [-32+EBP]
   626 000006F8 8A 94 07 [00000055]             	MOV	DL,BYTE [_closebtn.0+EDI+EAX*1]
   627 000006FF 80 FA 40                        	CMP	DL,64
   628 00000702 74 33                           	JE	L59
   629 00000704 80 FA 24                        	CMP	DL,36
   630 00000707 74 2A                           	JE	L60
   631 00000709 80 FA 51                        	CMP	DL,81
   632 0000070C B2 08                           	MOV	DL,8
   633 0000070E 0F 95 C0                        	SETNE	AL
   634 00000711 28 C2                           	SUB	DL,AL
   635 00000713                                 L48:
   636 00000713 47                              	INC	EDI
   637 00000714 88 11                           	MOV	BYTE [ECX],DL
   638 00000716 41                              	INC	ECX
   639 00000717 83 FF 0F                        	CMP	EDI,15
   640 0000071A 7E D9                           	JLE	L53
   641 0000071C FF 45 F0                        	INC	DWORD [-16+EBP]
   642 0000071F 01 DE                           	ADD	ESI,EBX
   643 00000721 83 45 E0 10                     	ADD	DWORD [-32+EBP],16
   644 00000725 83 7D F0 0D                     	CMP	DWORD [-16+EBP],13
   645 00000729 7E BE                           	JLE	L54
   646 0000072B 8D 65 F4                        	LEA	ESP,DWORD [-12+EBP]
   647 0000072E 5B                              	POP	EBX
   648 0000072F 5E                              	POP	ESI
   649 00000730 5F                              	POP	EDI
   650 00000731 5D                              	POP	EBP
   651 00000732 C3                              	RET
   652 00000733                                 L60:
   653 00000733 B2 0F                           	MOV	DL,15
   654 00000735 EB DC                           	JMP	L48
   655 00000737                                 L59:
   656 00000737 31 D2                           	XOR	EDX,EDX
   657 00000739 EB D8                           	JMP	L48
   658 0000073B                                 	GLOBAL	_putfonts8_asc_sht
   659 0000073B                                 _putfonts8_asc_sht:
   660 0000073B 55                              	PUSH	EBP
   661 0000073C 89 E5                           	MOV	EBP,ESP
   662 0000073E 57                              	PUSH	EDI
   663 0000073F 56                              	PUSH	ESI
   664 00000740 53                              	PUSH	EBX
   665 00000741 83 EC 0C                        	SUB	ESP,12
   666 00000744 8B 45 08                        	MOV	EAX,DWORD [8+EBP]
   667 00000747 8B 7D 10                        	MOV	EDI,DWORD [16+EBP]
   668 0000074A 89 45 F0                        	MOV	DWORD [-16+EBP],EAX
   669 0000074D 8B 5D 14                        	MOV	EBX,DWORD [20+EBP]
   670 00000750 8B 45 0C                        	MOV	EAX,DWORD [12+EBP]
   671 00000753 89 45 EC                        	MOV	DWORD [-20+EBP],EAX
   672 00000756 8B 45 1C                        	MOV	EAX,DWORD [28+EBP]
   673 00000759 89 45 E8                        	MOV	DWORD [-24+EBP],EAX
   674 0000075C 8D 47 0F                        	LEA	EAX,DWORD [15+EDI]
   675 0000075F 50                              	PUSH	EAX
   676 00000760 8B 45 EC                        	MOV	EAX,DWORD [-20+EBP]
   677 00000763 8B 75 20                        	MOV	ESI,DWORD [32+EBP]
   678 00000766 0F BE DB                        	MOVSX	EBX,BL
   679 00000769 8D 34 F0                        	LEA	ESI,DWORD [EAX+ESI*8]
   680 0000076C 8D 46 FF                        	LEA	EAX,DWORD [-1+ESI]
   681 0000076F 50                              	PUSH	EAX
   682 00000770 57                              	PUSH	EDI
   683 00000771 FF 75 EC                        	PUSH	DWORD [-20+EBP]
   684 00000774 0F B6 45 18                     	MOVZX	EAX,BYTE [24+EBP]
   685 00000778 50                              	PUSH	EAX
   686 00000779 8B 45 F0                        	MOV	EAX,DWORD [-16+EBP]
   687 0000077C FF 70 04                        	PUSH	DWORD [4+EAX]
   688 0000077F FF 30                           	PUSH	DWORD [EAX]
   689 00000781 E8 [00000000]                   	CALL	_boxfill8
   690 00000786 FF 75 E8                        	PUSH	DWORD [-24+EBP]
   691 00000789 53                              	PUSH	EBX
   692 0000078A 57                              	PUSH	EDI
   693 0000078B FF 75 EC                        	PUSH	DWORD [-20+EBP]
   694 0000078E 8B 45 F0                        	MOV	EAX,DWORD [-16+EBP]
   695 00000791 FF 70 04                        	PUSH	DWORD [4+EAX]
   696 00000794 FF 30                           	PUSH	DWORD [EAX]
   697 00000796 E8 [00000000]                   	CALL	_putfonts8_asc
   698 0000079B 89 7D 10                        	MOV	DWORD [16+EBP],EDI
   699 0000079E 8D 47 10                        	LEA	EAX,DWORD [16+EDI]
   700 000007A1 89 75 14                        	MOV	DWORD [20+EBP],ESI
   701 000007A4 89 45 18                        	MOV	DWORD [24+EBP],EAX
   702 000007A7 83 C4 34                        	ADD	ESP,52
   703 000007AA 8B 45 EC                        	MOV	EAX,DWORD [-20+EBP]
   704 000007AD 89 45 0C                        	MOV	DWORD [12+EBP],EAX
   705 000007B0 8B 45 F0                        	MOV	EAX,DWORD [-16+EBP]
   706 000007B3 89 45 08                        	MOV	DWORD [8+EBP],EAX
   707 000007B6 8D 65 F4                        	LEA	ESP,DWORD [-12+EBP]
   708 000007B9 5B                              	POP	EBX
   709 000007BA 5E                              	POP	ESI
   710 000007BB 5F                              	POP	EDI
   711 000007BC 5D                              	POP	EBP
   712 000007BD E9 [00000000]                   	JMP	_sheet_refresh
